[2023-10-17 10:45:28,938] multiqc                                            [DEBUG  ]  This is MultiQC v1.16
[2023-10-17 10:45:28,938] multiqc                                            [DEBUG  ]  Command used: /rhome/brandonle/bigdata/.conda/envs/DEG-analysis/bin/multiqc --force --dirs --outdir analysis/multiqc --filename multiqc analysis
[2023-10-17 10:45:29,619] multiqc                                            [DEBUG  ]  Latest MultiQC version is v1.16
[2023-10-17 10:45:29,619] multiqc                                            [DEBUG  ]  Working dir : /bigdata/bioinfo/brandonle/workshops/RNA-seq-workshop
[2023-10-17 10:45:29,619] multiqc                                            [DEBUG  ]  Template    : default
[2023-10-17 10:45:29,619] multiqc                                            [DEBUG  ]  Running Python 3.11.3 | packaged by conda-forge | (main, Apr  6 2023, 08:57:19) [GCC 11.3.0]
[2023-10-17 10:45:29,620] multiqc                                            [INFO   ]  Prepending directory to sample names
[2023-10-17 10:45:29,621] multiqc                                            [DEBUG  ]  Analysing modules: custom_content, ccs, ngsderive, purple, conpair, lima, peddy, somalier, methylQA, mosdepth, phantompeakqualtools, qualimap, preseq, hifiasm, quast, qorts, rna_seqc, rockhopper, rsem, rseqc, busco, bustools, goleft_indexcov, gffcompare, disambiguate, supernova, deeptools, sargasso, verifybamid, mirtrace, happy, mirtop, sambamba, gopeaks, homer, hops, macs2, theta2, snpeff, gatk, htseq, bcftools, featureCounts, fgbio, dragen, dragen_fastqc, dedup, pbmarkdup, damageprofiler, mapdamage, biobambam2, jcvi, mtnucratio, picard, vep, sentieon, bakta, prokka, qc3C, nanostat, samblaster, samtools, sexdeterrmine, eigenstratdatabasetools, bamtools, jellyfish, vcftools, longranger, stacks, varscan2, snippy, umitools, bbmap, bismark, biscuit, diamond, hicexplorer, hicup, hicpro, salmon, kallisto, slamdunk, star, hisat2, tophat, bowtie2, bowtie1, cellranger, snpsplit, odgi, pangolin, nextclade, freyja, humid, kat, leehom, librarian, adapterRemoval, bbduk, clipandmerge, cutadapt, flexbar, sourmash, kaiju, kraken, malt, motus, trimmomatic, sickle, skewer, sortmerna, biobloomtools, fastq_screen, afterqc, fastp, fastqc, filtlong, prinseqplusplus, pychopper, porechop, pycoqc, minionqc, anglerfish, multivcfanalyzer, clusterflow, checkqc, bcl2fastq, bclconvert, interop, ivar, flash, seqyclean, optitype, whatshap
[2023-10-17 10:45:29,621] multiqc                                            [DEBUG  ]  Using temporary directory for creating report: /scratch/brandonle/672536/tmpp_0zmvf6
[2023-10-17 10:45:29,665] multiqc                                            [INFO   ]  Search path : /bigdata/bioinfo/brandonle/workshops/RNA-seq-workshop/analysis
[2023-10-17 10:45:32,578] multiqc                                            [DEBUG  ]  Summary of files that were skipped by the search: [skipped_module_specific_max_filesize: 666] // [skipped_file_contents_search_errors: 516] // [skipped_no_match: 133] // [skipped_ignore_pattern: 32] // [skipped_filesize_limit: 24]
[2023-10-17 10:45:37,469] multiqc.plots.bargraph                             [DEBUG  ]  Using matplotlib version 3.8.0
[2023-10-17 10:45:37,522] multiqc.plots.linegraph                            [DEBUG  ]  Using matplotlib version 3.8.0
[2023-10-17 10:45:37,545] multiqc                                            [DEBUG  ]  No samples found: custom_content
[2023-10-17 10:45:37,607] multiqc.modules.featureCounts.feature_counts       [INFO   ]  Found 6 reports
[2023-10-17 10:45:37,671] multiqc.modules.star.star                          [DEBUG  ]  Duplicate ReadsPerGene sample name found! Overwriting: analysis | star | mir163_2
[2023-10-17 10:45:37,672] multiqc.modules.star.star                          [DEBUG  ]  Duplicate ReadsPerGene sample name found! Overwriting: analysis | star | wt_2
[2023-10-17 10:45:37,673] multiqc.modules.star.star                          [DEBUG  ]  Duplicate ReadsPerGene sample name found! Overwriting: analysis | star | mir163_1
[2023-10-17 10:45:37,673] multiqc.modules.star.star                          [DEBUG  ]  Duplicate ReadsPerGene sample name found! Overwriting: analysis | star | mir163_3
[2023-10-17 10:45:37,675] multiqc.modules.star.star                          [DEBUG  ]  Duplicate ReadsPerGene sample name found! Overwriting: analysis | star | wt_3
[2023-10-17 10:45:37,676] multiqc.modules.star.star                          [DEBUG  ]  Duplicate ReadsPerGene sample name found! Overwriting: analysis | star | wt_1
[2023-10-17 10:45:37,676] multiqc.modules.star.star                          [INFO   ]  Found 6 reports and 6 gene count files
[2023-10-17 10:45:37,782] multiqc.modules.cutadapt.cutadapt                  [INFO   ]  Found 12 reports
[2023-10-17 10:45:38,696] multiqc.modules.fastqc.fastqc                      [INFO   ]  Found 24 reports
[2023-10-17 10:45:39,643] multiqc.utils.software_versions                    [DEBUG  ]  Reading software versions from config.software_versions
[2023-10-17 10:45:39,723] multiqc                                            [DEBUG  ]  Compressing plot data
[2023-10-17 10:45:40,355] multiqc                                            [INFO   ]  Report      : analysis/multiqc/multiqc.html
[2023-10-17 10:45:40,356] multiqc                                            [INFO   ]  Data        : analysis/multiqc/multiqc_data
[2023-10-17 10:45:40,356] multiqc                                            [DEBUG  ]  Moving data file from '/scratch/brandonle/672536/tmpp_0zmvf6/multiqc_data' to 'analysis/multiqc/multiqc_data'
[2023-10-17 10:45:40,381] multiqc                                            [DEBUG  ]  Full report path: /bigdata/bioinfo/brandonle/workshops/RNA-seq-workshop/analysis/multiqc/multiqc.html
[2023-10-17 10:45:41,302] multiqc                                            [INFO   ]  MultiQC complete
